<?xml version="1.0" encoding="UTF-8"?>
<testng-results skipped="0" failed="0" total="1" passed="1">
  <reporter-output>
  </reporter-output>
  <suite name="Default suite" duration-ms="6316" started-at="2016-03-10T06:56:12Z" finished-at="2016-03-10T06:56:18Z">
    <groups>
    </groups>
    <test name="Default test" duration-ms="6316" started-at="2016-03-10T06:56:12Z" finished-at="2016-03-10T06:56:18Z">
      <class name="other_tests_TestNG.dropdown">
        <test-method status="PASS" signature="f()[pri:0, instance:other_tests_TestNG.dropdown@28261e8e]" name="f" duration-ms="6298" started-at="2016-03-10T11:56:12Z" finished-at="2016-03-10T11:56:18Z">
          <reporter-output>
          </reporter-output>
        </test-method> <!-- f -->
      </class> <!-- other_tests_TestNG.dropdown -->
    </test> <!-- Default test -->
  </suite> <!-- Default suite -->
</testng-results>
